[2025-10-03 12:04:17] Ny användare registrerad: Ikaros
[2025-10-03 12:04:18] Användare inloggad: Ikaros
[2025-10-06 09:47:54] Användare inloggad: Ikaros
[2025-10-06 22:56:53] Användare inloggad: Ikaros
[2025-10-06 22:57:06] Användarnamn ändrat från Ikaros till Ikaros1
[2025-10-06 22:57:14] Användarnamn ändrat från Ikaros1 till Elin
[2025-10-06 22:57:23] Lösenord ändrat för användare: Elin
[2025-10-06 22:57:36] Borttagning av användare avbröts: Elin
[2025-10-06 22:57:43] Användare borttagen: Elin
[2025-10-06 22:57:53] Ny användare registrerad: Elin
[2025-10-06 22:57:59] Användare inloggad: Elin
[2025-10-06 22:58:36] Programmet avslutades av Elin.
[2025-10-07 09:24:23] Ny användare registrerad: Ikaros
[2025-10-07 09:24:26] Användare inloggad: Ikaros
[2025-10-07 09:49:11] Ikaros loggade ut.
[2025-10-07 09:49:23] Ny användare registrerad: Gabriel
[2025-10-07 09:49:53] Användare inloggad: Gabriel
[2025-10-07 09:50:16] Användarnamn ändrat från Gabriel till Gabriel1
[2025-10-07 09:50:31] Lösenordsbyte misslyckades för Gabriel1, felaktigt lösenord inmatat.
[2025-10-07 09:51:04] Lösenord ändrat för användare: Gabriel1
[2025-10-07 09:54:27] Användare borttagen: Gabriel1
[2025-10-07 09:54:33] Användare inloggad: Ikaros
[2025-10-07 10:33:19] Programmet avslutades av Ikaros.
